2022-12-05 22:33:14,953 [INFO] Activator:177 - 


2022-12-05 22:33:14,957 [INFO] Activator:178 - !SESSION log4j initialized
2022-12-26 07:48:03,298 [INFO] Activator:177 - 


2022-12-26 07:48:03,306 [INFO] Activator:178 - !SESSION log4j initialized
2023-03-19 23:27:41,549 [INFO] Activator:177 - 


2023-03-19 23:27:41,551 [INFO] Activator:178 - !SESSION log4j initialized
2023-03-20 08:22:07,055 [INFO] Activator:177 - 


2023-03-20 08:22:07,056 [INFO] Activator:178 - !SESSION log4j initialized
2023-03-20 08:35:19,923 [INFO] McuFinderGlobals:39 - Set McuFinder mode to 2 (CubeIDE integrated)
2023-03-20 08:35:21,515 [INFO] ApplicationProperties:181 - Using Application install path: C:\ST\STM32CubeIDE_1.7.0\STM32CubeIDE\plugins\com.st.stm32cube.common.mx_6.3.0.202107141111
2023-03-20 08:35:21,548 [INFO] DbMcusXml:74 - Set database path to: C:\ST\STM32CubeIDE_1.7.0\STM32CubeIDE\plugins\com.st.stm32cube.common.mx_6.3.0.202107141111\\db\/mcu/
2023-03-20 08:35:21,552 [INFO] DbBoardsPdsc:56 - Set plugin database path to: C:\ST\STM32CubeIDE_1.7.0\STM32CubeIDE\plugins\com.st.stm32cube.common.mx_6.3.0.202107141111\\db\/plugins/boardmanager/
2023-03-20 08:35:21,556 [INFO] DbMcus:258 - Set plugin images path to: C:\ST\STM32CubeIDE_1.7.0\STM32CubeIDE\plugins\com.st.stm32cube.common.mx_6.3.0.202107141111\\db\/plugins/mcufinder/images/
2023-03-20 08:35:21,556 [INFO] DbBoards:264 - Set plugin images path to: C:\ST\STM32CubeIDE_1.7.0\STM32CubeIDE\plugins\com.st.stm32cube.common.mx_6.3.0.202107141111\\db\/plugins/mcufinder/images/
2023-03-20 08:35:21,560 [INFO] DbExamples:333 - Set plugin images path to: C:\ST\STM32CubeIDE_1.7.0\STM32CubeIDE\plugins\com.st.stm32cube.common.mx_6.3.0.202107141111\\db\/plugins/mcufinder/images/
2023-03-20 08:35:21,568 [INFO] DbMcusAds:119 - Set database path to: C:\Users\Admin\.stmcufinder\plugins\mcufinder//mcu/
2023-03-20 08:35:21,572 [INFO] DbMcusDocs:110 - Set database path to: C:\Users\Admin\.stmcufinder\plugins\mcufinder//mcu/
2023-03-20 08:35:21,576 [INFO] DbMcusJson:64 - Set database path to: C:\Users\Admin\.stmcufinder\plugins\mcufinder//mcu/
2023-03-20 08:35:21,576 [INFO] DbBoardsDocs:110 - Set database path to: C:\Users\Admin\.stmcufinder\plugins\mcufinder//mcu/
2023-03-20 08:35:21,580 [INFO] DbBoardsJson:57 - Set database path to: C:\Users\Admin\.stmcufinder\plugins\mcufinder//mcu/
2023-03-20 08:35:22,380 [INFO] CrossReferenceDbSqlite:196 - Set database path to: C:\Users\Admin\.stmcufinder\plugins\mcufinder//mcu/cs/
2023-03-20 08:35:22,388 [INFO] DbExamplesSqlite:767 - Set database path to: C:\Users\Admin\.stmcufinder\plugins\mcufinder//mcu/
2023-03-20 08:35:22,576 [INFO] RulesReader:57 - Compatibility file has been processed (242 Rules)
2023-03-20 08:35:22,721 [INFO] DbMcusXml:74 - Set database path to: C:\ST\STM32CubeIDE_1.7.0\STM32CubeIDE\plugins\com.st.stm32cube.common.mx_6.3.0.202107141111\\db\/mcu/
2023-03-20 08:35:22,721 [INFO] DbBoardsPdsc:56 - Set plugin database path to: C:\ST\STM32CubeIDE_1.7.0\STM32CubeIDE\plugins\com.st.stm32cube.common.mx_6.3.0.202107141111\\db\/plugins/boardmanager/
2023-03-20 08:35:22,725 [INFO] DbMcus:258 - Set plugin images path to: C:\ST\STM32CubeIDE_1.7.0\STM32CubeIDE\plugins\com.st.stm32cube.common.mx_6.3.0.202107141111\\db\/plugins/mcufinder/images/
2023-03-20 08:35:22,725 [INFO] DbBoards:264 - Set plugin images path to: C:\ST\STM32CubeIDE_1.7.0\STM32CubeIDE\plugins\com.st.stm32cube.common.mx_6.3.0.202107141111\\db\/plugins/mcufinder/images/
2023-03-20 08:35:22,725 [INFO] DbExamples:333 - Set plugin images path to: C:\ST\STM32CubeIDE_1.7.0\STM32CubeIDE\plugins\com.st.stm32cube.common.mx_6.3.0.202107141111\\db\/plugins/mcufinder/images/
2023-03-20 08:35:22,725 [WARN] DbFile:35 - Overriding database path with different value: C:\Users\Admin\.stmcufinder\plugins\mcufinder/ => C:\Users\Admin\.stmcufinder\plugins\mcufinder
2023-03-20 08:35:22,725 [INFO] DbMcusAds:119 - Set database path to: C:\Users\Admin\.stmcufinder\plugins\mcufinder//mcu/
2023-03-20 08:35:22,725 [WARN] DbFile:35 - Overriding database path with different value: C:\Users\Admin\.stmcufinder\plugins\mcufinder/ => C:\Users\Admin\.stmcufinder\plugins\mcufinder
2023-03-20 08:35:22,725 [INFO] DbMcusDocs:110 - Set database path to: C:\Users\Admin\.stmcufinder\plugins\mcufinder//mcu/
2023-03-20 08:35:22,725 [WARN] DbFile:35 - Overriding database path with different value: C:\Users\Admin\.stmcufinder\plugins\mcufinder/ => C:\Users\Admin\.stmcufinder\plugins\mcufinder
2023-03-20 08:35:22,725 [INFO] DbMcusJson:64 - Set database path to: C:\Users\Admin\.stmcufinder\plugins\mcufinder//mcu/
2023-03-20 08:35:22,725 [WARN] DbFile:35 - Overriding database path with different value: C:\Users\Admin\.stmcufinder\plugins\mcufinder/ => C:\Users\Admin\.stmcufinder\plugins\mcufinder
2023-03-20 08:35:22,725 [INFO] DbBoardsDocs:110 - Set database path to: C:\Users\Admin\.stmcufinder\plugins\mcufinder//mcu/
2023-03-20 08:35:22,725 [WARN] DbFile:35 - Overriding database path with different value: C:\Users\Admin\.stmcufinder\plugins\mcufinder/ => C:\Users\Admin\.stmcufinder\plugins\mcufinder
2023-03-20 08:35:22,725 [INFO] DbBoardsJson:57 - Set database path to: C:\Users\Admin\.stmcufinder\plugins\mcufinder//mcu/
2023-03-20 08:35:22,725 [WARN] DbFile:35 - Overriding database path with different value: C:\Users\Admin\.stmcufinder\plugins\mcufinder/ => C:\Users\Admin\.stmcufinder\plugins\mcufinder
2023-03-20 08:35:22,729 [WARN] DbFile:35 - Overriding database path with different value: C:\Users\Admin\.stmcufinder\plugins\mcufinder/ => C:\Users\Admin\.stmcufinder\plugins\mcufinder
2023-03-20 08:35:23,380 [INFO] CrossReferenceDbSqlite:196 - Set database path to: C:\Users\Admin\.stmcufinder\plugins\mcufinder//mcu/cs/
2023-03-20 08:35:23,380 [WARN] DbFile:35 - Overriding database path with different value: C:\Users\Admin\.stmcufinder\plugins\mcufinder/ => C:\Users\Admin\.stmcufinder\plugins\mcufinder
2023-03-20 08:35:23,380 [INFO] DbExamplesSqlite:767 - Set database path to: C:\Users\Admin\.stmcufinder\plugins\mcufinder//mcu/
2023-03-20 08:35:23,492 [INFO] MainPanel:214 - HeapMemory: 644874240
2023-03-20 08:35:23,628 [INFO] DbMcusXml:74 - Set database path to: C:\ST\STM32CubeIDE_1.7.0\STM32CubeIDE\plugins\com.st.stm32cube.common.mx_6.3.0.202107141111\\db\/mcu/
2023-03-20 08:35:23,628 [INFO] DbBoardsPdsc:56 - Set plugin database path to: C:\ST\STM32CubeIDE_1.7.0\STM32CubeIDE\plugins\com.st.stm32cube.common.mx_6.3.0.202107141111\\db\/plugins/boardmanager/
2023-03-20 08:35:23,628 [INFO] DbMcus:258 - Set plugin images path to: C:\ST\STM32CubeIDE_1.7.0\STM32CubeIDE\plugins\com.st.stm32cube.common.mx_6.3.0.202107141111\\db\/plugins/mcufinder/images/
2023-03-20 08:35:23,628 [INFO] DbBoards:264 - Set plugin images path to: C:\ST\STM32CubeIDE_1.7.0\STM32CubeIDE\plugins\com.st.stm32cube.common.mx_6.3.0.202107141111\\db\/plugins/mcufinder/images/
2023-03-20 08:35:23,632 [INFO] DbExamples:333 - Set plugin images path to: C:\ST\STM32CubeIDE_1.7.0\STM32CubeIDE\plugins\com.st.stm32cube.common.mx_6.3.0.202107141111\\db\/plugins/mcufinder/images/
2023-03-20 08:35:23,632 [WARN] DbFile:35 - Overriding database path with different value: C:\Users\Admin\.stmcufinder\plugins\mcufinder/ => C:\Users\Admin\.stmcufinder\plugins\mcufinder
2023-03-20 08:35:23,632 [INFO] DbMcusAds:119 - Set database path to: C:\Users\Admin\.stmcufinder\plugins\mcufinder//mcu/
2023-03-20 08:35:23,632 [WARN] DbFile:35 - Overriding database path with different value: C:\Users\Admin\.stmcufinder\plugins\mcufinder/ => C:\Users\Admin\.stmcufinder\plugins\mcufinder
2023-03-20 08:35:23,632 [INFO] DbMcusDocs:110 - Set database path to: C:\Users\Admin\.stmcufinder\plugins\mcufinder//mcu/
2023-03-20 08:35:23,632 [WARN] DbFile:35 - Overriding database path with different value: C:\Users\Admin\.stmcufinder\plugins\mcufinder/ => C:\Users\Admin\.stmcufinder\plugins\mcufinder
2023-03-20 08:35:23,632 [INFO] DbMcusJson:64 - Set database path to: C:\Users\Admin\.stmcufinder\plugins\mcufinder//mcu/
2023-03-20 08:35:23,632 [WARN] DbFile:35 - Overriding database path with different value: C:\Users\Admin\.stmcufinder\plugins\mcufinder/ => C:\Users\Admin\.stmcufinder\plugins\mcufinder
2023-03-20 08:35:23,632 [INFO] DbBoardsDocs:110 - Set database path to: C:\Users\Admin\.stmcufinder\plugins\mcufinder//mcu/
2023-03-20 08:35:23,632 [WARN] DbFile:35 - Overriding database path with different value: C:\Users\Admin\.stmcufinder\plugins\mcufinder/ => C:\Users\Admin\.stmcufinder\plugins\mcufinder
2023-03-20 08:35:23,636 [INFO] DbBoardsJson:57 - Set database path to: C:\Users\Admin\.stmcufinder\plugins\mcufinder//mcu/
2023-03-20 08:35:23,636 [WARN] DbFile:35 - Overriding database path with different value: C:\Users\Admin\.stmcufinder\plugins\mcufinder/ => C:\Users\Admin\.stmcufinder\plugins\mcufinder
2023-03-20 08:35:23,636 [WARN] DbFile:35 - Overriding database path with different value: C:\Users\Admin\.stmcufinder\plugins\mcufinder/ => C:\Users\Admin\.stmcufinder\plugins\mcufinder
2023-03-20 08:35:24,375 [INFO] CrossReferenceDbSqlite:196 - Set database path to: C:\Users\Admin\.stmcufinder\plugins\mcufinder//mcu/cs/
2023-03-20 08:35:24,375 [WARN] DbFile:35 - Overriding database path with different value: C:\Users\Admin\.stmcufinder\plugins\mcufinder/ => C:\Users\Admin\.stmcufinder\plugins\mcufinder
2023-03-20 08:35:24,375 [INFO] DbExamplesSqlite:767 - Set database path to: C:\Users\Admin\.stmcufinder\plugins\mcufinder//mcu/
2023-03-20 08:35:24,414 [INFO] ApplicationProperties:181 - Using Application install path: C:\ST\STM32CubeIDE_1.7.0\STM32CubeIDE\plugins\com.st.stm32cube.common.mx_6.3.0.202107141111
2023-03-20 08:35:24,418 [INFO] PluginManage:188 - Search for loadable plugins [exclusion list=, ]
2023-03-20 08:35:24,422 [INFO] PluginManage:302 - Check plugin analytics
2023-03-20 08:35:25,470 [INFO] AnalyticsPlugin:257 - Accepted Software Licenses: 
2023-03-20 08:35:25,470 [INFO] AnalyticsPlugin:259 - Accepted CMSIS Pack Licenses: 
2023-03-20 08:35:25,474 [INFO] AnalyticsPlugin:261 - Accepted Firmware Licenses: 
2023-03-20 08:35:25,474 [INFO] PluginManage:352 - Loaded plugin analytics (category:tool,tabindex:-1)
2023-03-20 08:35:25,474 [INFO] PluginManage:302 - Check plugin clock
2023-03-20 08:35:25,526 [INFO] PluginManage:352 - Loaded plugin clock (category:base,tabindex:2)
2023-03-20 08:35:25,526 [INFO] PluginManage:302 - Check plugin ddr
2023-03-20 08:35:25,530 [INFO] PluginManage:352 - Loaded plugin ddr (category:tool,tabindex:6)
2023-03-20 08:35:25,530 [INFO] PluginManage:302 - Check plugin filemanager
2023-03-20 08:35:25,774 [INFO] PluginManage:352 - Loaded plugin filemanager (category:base,tabindex:10)
2023-03-20 08:35:25,774 [INFO] PluginManage:302 - Check plugin ipmanager
2023-03-20 08:35:25,790 [INFO] PluginManage:352 - Loaded plugin ipmanager (category:base,tabindex:5)
2023-03-20 08:35:25,790 [INFO] PluginManage:302 - Check plugin pinoutandconfiguration
2023-03-20 08:35:25,810 [INFO] PluginManage:352 - Loaded plugin pinoutandconfiguration (category:base,tabindex:1)
2023-03-20 08:35:25,810 [INFO] PluginManage:302 - Check plugin pinoutconfig
2023-03-20 08:35:25,881 [INFO] PluginManage:352 - Loaded plugin pinoutconfig (category:base,tabindex:0)
2023-03-20 08:35:25,881 [INFO] PluginManage:302 - Check plugin power
2023-03-20 08:35:25,901 [INFO] PluginManage:352 - Loaded plugin power (category:power,tabindex:4)
2023-03-20 08:35:25,901 [INFO] PluginManage:302 - Check plugin projectmanager
2023-03-20 08:35:25,965 [INFO] PluginManage:352 - Loaded plugin projectmanager (category:projectmanager,tabindex:3)
2023-03-20 08:35:25,965 [INFO] PluginManage:302 - Check plugin thirdparty
2023-03-20 08:35:26,214 [WARN] IntegrityCheckThread:78 - waiting for thirdparty lock release [integrity check]
2023-03-20 08:35:26,214 [INFO] PluginManage:352 - Loaded plugin thirdparty (category:base,tabindex:-1)
2023-03-20 08:35:26,218 [INFO] IntegrityCheckThread:80 - entering critical section [integrity check]
2023-03-20 08:35:26,218 [INFO] PluginManage:302 - Check plugin tools
2023-03-20 08:35:26,218 [INFO] ThirdPartyUpdaterWithRetryManager:66 - Updater plugin not ready yet. [1/15]
2023-03-20 08:35:26,222 [INFO] PluginManage:352 - Loaded plugin tools (category:base,tabindex:7)
2023-03-20 08:35:26,222 [INFO] PluginManage:302 - Check plugin tutovideos
2023-03-20 08:35:26,626 [INFO] PluginManage:352 - Loaded plugin tutovideos (category:base,tabindex:-1)
2023-03-20 08:35:26,626 [INFO] PluginManage:302 - Check plugin updater
2023-03-20 08:35:26,646 [INFO] PluginManage:352 - Loaded plugin updater (category:base,tabindex:12)
2023-03-20 08:35:26,646 [INFO] PluginManage:275 - PluginManage : Loaded plugins [13]
2023-03-20 08:35:26,967 [INFO] PinOutPanel:1463 - setPackage(No Configuration,No Configuration)
2023-03-20 08:35:27,139 [INFO] IPUIPlugin:74 - create IPUIPlugin
2023-03-20 08:35:27,139 [INFO] PluginManager:213 - loadIPPluginJar : add adc
2023-03-20 08:35:27,143 [INFO] IPUIPlugin:74 - create IPUIPlugin
2023-03-20 08:35:27,143 [INFO] PluginManager:213 - loadIPPluginJar : add aes
2023-03-20 08:35:27,151 [INFO] IPUIPlugin:74 - create IPUIPlugin
2023-03-20 08:35:27,151 [INFO] PluginManager:213 - loadIPPluginJar : add can
2023-03-20 08:35:27,155 [INFO] IPUIPlugin:74 - create IPUIPlugin
2023-03-20 08:35:27,155 [INFO] PluginManager:213 - loadIPPluginJar : add comp
2023-03-20 08:35:27,159 [INFO] IPUIPlugin:74 - create IPUIPlugin
2023-03-20 08:35:27,159 [INFO] PluginManager:213 - loadIPPluginJar : add cryp
2023-03-20 08:35:27,167 [INFO] IPUIPlugin:74 - create IPUIPlugin
2023-03-20 08:35:27,167 [INFO] PluginManager:213 - loadIPPluginJar : add dfsdm
2023-03-20 08:35:27,179 [INFO] IPUIPlugin:74 - create IPUIPlugin
2023-03-20 08:35:27,179 [INFO] PluginManager:213 - loadIPPluginJar : add dma
2023-03-20 08:35:27,187 [INFO] IPUIPlugin:74 - create IPUIPlugin
2023-03-20 08:35:27,187 [INFO] PluginManager:213 - loadIPPluginJar : add dma3
2023-03-20 08:35:27,191 [INFO] IPUIPlugin:74 - create IPUIPlugin
2023-03-20 08:35:27,191 [INFO] PluginManager:213 - loadIPPluginJar : add fatfs
2023-03-20 08:35:27,199 [INFO] IPUIPlugin:74 - create IPUIPlugin
2023-03-20 08:35:27,199 [INFO] PluginManager:213 - loadIPPluginJar : add fmc
2023-03-20 08:35:27,211 [INFO] IPUIPlugin:74 - create IPUIPlugin
2023-03-20 08:35:27,211 [INFO] PluginManager:213 - loadIPPluginJar : add freertos
2023-03-20 08:35:27,215 [INFO] IPUIPlugin:74 - create IPUIPlugin
2023-03-20 08:35:27,215 [INFO] PluginManager:213 - loadIPPluginJar : add genericplugin
2023-03-20 08:35:27,219 [INFO] IPUIPlugin:74 - create IPUIPlugin
2023-03-20 08:35:27,219 [INFO] PluginManager:213 - loadIPPluginJar : add gfxmmu
2023-03-20 08:35:27,259 [INFO] IPUIPlugin:74 - create IPUIPlugin
2023-03-20 08:35:27,259 [INFO] PluginManager:213 - loadIPPluginJar : add gic
2023-03-20 08:35:27,271 [INFO] IPUIPlugin:74 - create IPUIPlugin
2023-03-20 08:35:27,271 [INFO] PluginManager:213 - loadIPPluginJar : add gpio
2023-03-20 08:35:27,275 [INFO] IPUIPlugin:74 - create IPUIPlugin
2023-03-20 08:35:27,279 [INFO] PluginManager:213 - loadIPPluginJar : add gtzc
2023-03-20 08:35:27,283 [INFO] IPUIPlugin:74 - create IPUIPlugin
2023-03-20 08:35:27,283 [INFO] PluginManager:213 - loadIPPluginJar : add hash
2023-03-20 08:35:27,291 [INFO] IPUIPlugin:74 - create IPUIPlugin
2023-03-20 08:35:27,291 [INFO] PluginManager:213 - loadIPPluginJar : add i2c
2023-03-20 08:35:27,295 [INFO] IPUIPlugin:74 - create IPUIPlugin
2023-03-20 08:35:27,295 [INFO] PluginManager:213 - loadIPPluginJar : add i2s
2023-03-20 08:35:27,299 [INFO] IPUIPlugin:74 - create IPUIPlugin
2023-03-20 08:35:27,303 [INFO] PluginManager:213 - loadIPPluginJar : add ipddr
2023-03-20 08:35:27,315 [INFO] IPUIPlugin:74 - create IPUIPlugin
2023-03-20 08:35:27,315 [INFO] PluginManager:213 - loadIPPluginJar : add linkedlist
2023-03-20 08:35:27,319 [INFO] IPUIPlugin:74 - create IPUIPlugin
2023-03-20 08:35:27,319 [INFO] PluginManager:213 - loadIPPluginJar : add lorawan
2023-03-20 08:35:27,323 [INFO] IPUIPlugin:74 - create IPUIPlugin
2023-03-20 08:35:27,323 [INFO] PluginManager:213 - loadIPPluginJar : add ltdc
2023-03-20 08:35:27,331 [INFO] IPUIPlugin:74 - create IPUIPlugin
2023-03-20 08:35:27,331 [INFO] PluginManager:213 - loadIPPluginJar : add mdma
2023-03-20 08:35:27,339 [INFO] IPUIPlugin:74 - create IPUIPlugin
2023-03-20 08:35:27,339 [INFO] PluginManager:213 - loadIPPluginJar : add nvic
2023-03-20 08:35:27,347 [INFO] IPUIPlugin:74 - create IPUIPlugin
2023-03-20 08:35:27,347 [INFO] PluginManager:213 - loadIPPluginJar : add opamp
2023-03-20 08:35:27,355 [INFO] IPUIPlugin:74 - create IPUIPlugin
2023-03-20 08:35:27,355 [INFO] PluginManager:213 - loadIPPluginJar : add openamp
2023-03-20 08:35:27,359 [INFO] IPUIPlugin:74 - create IPUIPlugin
2023-03-20 08:35:27,359 [INFO] PluginManager:213 - loadIPPluginJar : add pdm2pcm
2023-03-20 08:35:27,375 [INFO] IPUIPlugin:74 - create IPUIPlugin
2023-03-20 08:35:27,379 [INFO] PluginManager:213 - loadIPPluginJar : add plateformsettings
2023-03-20 08:35:27,383 [INFO] IPUIPlugin:74 - create IPUIPlugin
2023-03-20 08:35:27,383 [INFO] PluginManager:213 - loadIPPluginJar : add quadspi
2023-03-20 08:35:27,391 [INFO] IPUIPlugin:74 - create IPUIPlugin
2023-03-20 08:35:27,391 [INFO] PluginManager:213 - loadIPPluginJar : add resmgrutility
2023-03-20 08:35:27,395 [INFO] IPUIPlugin:74 - create IPUIPlugin
2023-03-20 08:35:27,399 [INFO] PluginManager:213 - loadIPPluginJar : add sai
2023-03-20 08:35:27,403 [INFO] IPUIPlugin:74 - create IPUIPlugin
2023-03-20 08:35:27,403 [INFO] PluginManager:213 - loadIPPluginJar : add spi
2023-03-20 08:35:27,411 [INFO] IPUIPlugin:74 - create IPUIPlugin
2023-03-20 08:35:27,411 [INFO] PluginManager:213 - loadIPPluginJar : add stm32_wpan
2023-03-20 08:35:27,415 [INFO] IPUIPlugin:74 - create IPUIPlugin
2023-03-20 08:35:27,415 [INFO] PluginManager:213 - loadIPPluginJar : add tim
2023-03-20 08:35:27,423 [INFO] IPUIPlugin:74 - create IPUIPlugin
2023-03-20 08:35:27,423 [INFO] PluginManager:213 - loadIPPluginJar : add touchsensing
2023-03-20 08:35:27,427 [INFO] IPUIPlugin:74 - create IPUIPlugin
2023-03-20 08:35:27,427 [INFO] PluginManager:213 - loadIPPluginJar : add tracer_emb
2023-03-20 08:35:27,431 [INFO] IPUIPlugin:74 - create IPUIPlugin
2023-03-20 08:35:27,431 [INFO] PluginManager:213 - loadIPPluginJar : add ts
2023-03-20 08:35:27,435 [INFO] IPUIPlugin:74 - create IPUIPlugin
2023-03-20 08:35:27,435 [INFO] PluginManager:213 - loadIPPluginJar : add tsc
2023-03-20 08:35:27,439 [INFO] IPUIPlugin:74 - create IPUIPlugin
2023-03-20 08:35:27,439 [INFO] PluginManager:213 - loadIPPluginJar : add ucpd
2023-03-20 08:35:27,443 [INFO] IPUIPlugin:74 - create IPUIPlugin
2023-03-20 08:35:27,443 [INFO] PluginManager:213 - loadIPPluginJar : add usart
2023-03-20 08:35:27,451 [INFO] IPUIPlugin:74 - create IPUIPlugin
2023-03-20 08:35:27,451 [INFO] PluginManager:213 - loadIPPluginJar : add usbx
2023-03-20 08:35:27,968 [FATAL] Updater:294 - Updater called before beeing initialized
2023-03-20 08:35:28,206 [FATAL] Updater:294 - Updater called before beeing initialized
2023-03-20 08:35:28,218 [INFO] DbMcusAds:47 - JSON generation date=Thu Sep 30 13:55:09 ICT 2021 (1632984909377)
2023-03-20 08:35:28,218 [FATAL] Updater:294 - Updater called before beeing initialized
2023-03-20 08:35:28,274 [WARN] DetailPanel:314 - Failed to get advertising image, set to default
2023-03-20 08:35:28,470 [FATAL] Updater:294 - Updater called before beeing initialized
2023-03-20 08:35:28,470 [FATAL] Updater:294 - Updater called before beeing initialized
2023-03-20 08:35:28,474 [FATAL] Updater:294 - Updater called before beeing initialized
2023-03-20 08:35:28,474 [WARN] DetailPanel:314 - Failed to get advertising image, set to default
2023-03-20 08:35:28,474 [FATAL] Updater:294 - Updater called before beeing initialized
2023-03-20 08:35:28,572 [ERROR] Updater:1075 - MainUpdater not yet initialized. External WinMGr cannot be set.
2023-03-20 08:35:28,572 [INFO] Updater:1012 - Updater Version found : 6.3.0
2023-03-20 08:35:28,608 [INFO] ApplicationProperties:181 - Using Application install path: C:\ST\STM32CubeIDE_1.7.0\STM32CubeIDE\plugins\com.st.stm32cube.common.mx_6.3.0.202107141111
2023-03-20 08:35:28,867 [INFO] MainUpdater:2671 - connection check result : 10
2023-03-20 08:35:28,867 [INFO] MainUpdater:265 - Updater Check For Update Now.
2023-03-20 08:35:28,871 [INFO] MicroXplorer:478 - Change Database Version : DB.6.0.30
2023-03-20 08:35:29,074 [INFO] CheckServerUpdateThread:112 - End of CheckServer Thread
2023-03-20 08:35:29,088 [INFO] MainUpdater:2671 - connection check result : 10
2023-03-20 08:35:29,088 [INFO] MainUpdater:2671 - connection check result : 10
2023-03-20 08:35:29,205 [INFO] MicroXplorer:448 - Change Database Path : 
2023-03-20 08:35:29,209 [INFO] MicroXplorer:478 - Change Database Version : DB.6.0.30
2023-03-20 08:35:29,209 [WARN] ThirdParty:813 - waiting for thirdparty lock release [close project]
2023-03-20 08:35:29,477 [WARN] PackLoader:238 - Cannot read IP mode file for STMicroelectronics.X-CUBE-GNSS1.6.0.0
2023-03-20 08:35:29,552 [WARN] PackLoader:238 - Cannot read IP mode file for STMicroelectronics.X-CUBE-AZRTOS-F4.1.1.0
2023-03-20 08:35:29,574 [WARN] PackLoader:238 - Cannot read IP mode file for STMicroelectronics.X-CUBE-BLEMGR.1.2.0
2023-03-20 08:35:29,630 [WARN] PackLoader:238 - Cannot read IP mode file for STMicroelectronics.X-CUBE-AZRTOS-F7.1.1.0
2023-03-20 08:35:29,650 [WARN] PackLoader:238 - Cannot read IP mode file for STMicroelectronics.X-CUBE-BLE1.6.2.3
2023-03-20 08:35:29,658 [WARN] PackLoader:238 - Cannot read IP mode file for STMicroelectronics.X-CUBE-BLE1.6.2.4
2023-03-20 08:35:29,674 [WARN] PackLoader:238 - Cannot read IP mode file for STMicroelectronics.X-CUBE-BLEMGR.2.0.0
2023-03-20 08:35:29,694 [WARN] PackLoader:238 - Cannot read IP mode file for STMicroelectronics.X-CUBE-NFC4.2.0.5
2023-03-20 08:35:29,710 [WARN] PackLoader:238 - Cannot read IP mode file for STMicroelectronics.X-CUBE-NFC4.2.0.4
2023-03-20 08:35:29,738 [WARN] PackLoader:238 - Cannot read IP mode file for STMicroelectronics.X-CUBE-TOF1.3.1.0
2023-03-20 08:35:29,774 [ERROR] Engine:463 - C:\Users\Admin\.stm32cubemx\thirdparties\pdsc\STMicroelectronics.X-CUBE-DISPLAY.3.0.0.pdsc: PDSC version is not supported
2023-03-20 08:35:29,782 [WARN] PackLoader:238 - Cannot read IP mode file for wolfSSL.I-CUBE-wolfSSL.5.5.0
2023-03-20 08:35:29,794 [WARN] PackLoader:238 - Cannot read IP mode file for STMicroelectronics.X-CUBE-NFC7.1.0.0
2023-03-20 08:35:29,914 [WARN] PackLoader:238 - Cannot read IP mode file for STMicroelectronics.X-CUBE-MEMS1.9.3.0
2023-03-20 08:35:30,294 [WARN] PackLoader:238 - Cannot read IP mode file for STMicroelectronics.X-CUBE-EEPRMA1.4.1.0
2023-03-20 08:35:30,302 [WARN] PackLoader:238 - Cannot read IP mode file for STMicroelectronics.X-CUBE-AI.7.2.0
2023-03-20 08:35:30,314 [WARN] PackLoader:238 - Cannot read IP mode file for WES.I-CUBE-Cesium.1.3.0
2023-03-20 08:35:30,322 [WARN] PackLoader:238 - Cannot read IP mode file for STMicroelectronics.X-CUBE-SFXS2LP1.4.0.0
2023-03-20 08:35:30,338 [WARN] PackLoader:238 - Cannot read IP mode file for STMicroelectronics.X-CUBE-BLE2.3.3.0
2023-03-20 08:35:30,350 [WARN] PackLoader:238 - Cannot read IP mode file for STMicroelectronics.X-CUBE-DISPLAY.2.2.0
2023-03-20 08:35:30,370 [WARN] PackLoader:238 - Cannot read IP mode file for STMicroelectronics.X-CUBE-TOF1.3.2.0
2023-03-20 08:35:30,426 [WARN] PackLoader:238 - Cannot read IP mode file for STMicroelectronics.X-CUBE-AZRTOS-H7.3.0.0
2023-03-20 08:35:30,438 [WARN] PackLoader:238 - Cannot read IP mode file for STMicroelectronics.X-CUBE-ISPU.1.0.0
2023-03-20 08:35:30,442 [WARN] PackLoader:238 - Cannot read IP mode file for STMicroelectronics.X-CUBE-ISPU.1.1.0
2023-03-20 08:35:30,455 [WARN] PackLoader:238 - Cannot read IP mode file for RoweBots.I-CUBE-UNISONRTOS.5.5.0-4
2023-03-20 08:35:30,486 [WARN] PackLoader:238 - Cannot read IP mode file for STMicroelectronics.X-CUBE-AZRTOS-H7.2.1.0
2023-03-20 08:35:30,494 [WARN] PackLoader:238 - Cannot read IP mode file for STMicroelectronics.X-CUBE-AI.8.0.0
2023-03-20 08:35:30,498 [ERROR] Engine:463 - C:\Users\Admin\.stm32cubemx\thirdparties\pdsc\STMicroelectronics.X-CUBE-FREERTOS.1.0.0.pdsc: PDSC version is not supported
2023-03-20 08:35:30,510 [WARN] PackLoader:238 - Cannot read IP mode file for STMicroelectronics.X-CUBE-TOUCHGFX.4.21.1
2023-03-20 08:35:30,514 [WARN] PackLoader:238 - Cannot read IP mode file for STMicroelectronics.X-CUBE-TOUCHGFX.4.21.0
2023-03-20 08:35:30,533 [WARN] PackLoader:238 - Cannot read IP mode file for STMicroelectronics.X-CUBE-BLEMGR.1.0.0
2023-03-20 08:35:30,629 [WARN] PackLoader:238 - Cannot read IP mode file for STMicroelectronics.X-CUBE-MEMS1.9.4.0
2023-03-20 08:35:31,079 [WARN] PackLoader:238 - Cannot read IP mode file for STMicroelectronics.X-CUBE-AI.7.3.0
2023-03-20 08:35:31,087 [WARN] PackLoader:238 - Cannot read IP mode file for STMicroelectronics.X-CUBE-ALGOBUILD.1.3.0
2023-03-20 08:35:31,115 [WARN] PackLoader:238 - Cannot read IP mode file for STMicroelectronics.X-CUBE-AZRTOS-L5.1.1.0
2023-03-20 08:35:31,147 [WARN] PackLoader:238 - Cannot read IP mode file for STMicroelectronics.X-CUBE-AZRTOS-G0.1.1.0
2023-03-20 08:35:31,173 [WARN] PackLoader:238 - Cannot read IP mode file for STMicroelectronics.X-CUBE-SUBG2.5.0.0
2023-03-20 08:35:31,189 [WARN] PackLoader:238 - Cannot read IP mode file for STMicroelectronics.X-CUBE-NFC4.3.0.0
2023-03-20 08:35:31,253 [WARN] PackLoader:238 - Cannot read IP mode file for SEGGER.I-CUBE-embOS.1.2.0
2023-03-20 08:35:31,325 [WARN] PackLoader:238 - Cannot read IP mode file for STMicroelectronics.FP-ATR-ASTRA1.1.1.1
2023-03-20 08:35:31,337 [WARN] PackLoader:238 - Cannot read IP mode file for STMicroelectronics.X-CUBE-BLEMGR.1.3.0
2023-03-20 08:35:31,369 [WARN] PackLoader:238 - Cannot read IP mode file for STMicroelectronics.X-CUBE-AZRTOS-G4.1.0.0
2023-03-20 08:35:31,377 [WARN] PackLoader:238 - Cannot read IP mode file for STMicroelectronics.FP-ATR-SIGFOX1.3.2.0
2023-03-20 08:35:31,405 [WARN] PackLoader:238 - Cannot read IP mode file for STMicroelectronics.X-CUBE-AZRTOS-L4.1.0.0
2023-03-20 08:35:31,421 [WARN] PackLoader:238 - Cannot read IP mode file for emotas.I-CUBE-CANOPEN.1.1.2
2023-03-20 08:35:31,436 [WARN] PackLoader:238 - Cannot read IP mode file for STMicroelectronics.X-CUBE-TOUCHGFX.4.20.0
2023-03-20 08:35:31,452 [WARN] PackLoader:238 - Cannot read IP mode file for STMicroelectronics.X-CUBE-AZRTOS-WL.1.0.0
2023-03-20 08:35:31,472 [WARN] PackLoader:238 - Cannot read IP mode file for portGmbH.I-Cube-SoM-uGOAL.1.1.0
2023-03-20 08:35:31,476 [WARN] PackLoader:238 - Cannot read IP mode file for STMicroelectronics.X-CUBE-ALS.1.0.1
2023-03-20 08:35:31,552 [WARN] PackLoader:238 - Cannot read IP mode file for STMicroelectronics.X-CUBE-MEMS1.9.5.0
2023-03-20 08:35:31,974 [WARN] PackLoader:238 - Cannot read IP mode file for STMicroelectronics.X-CUBE-AZRTOS-WB.1.1.0
2023-03-20 08:35:32,026 [WARN] PackLoader:238 - Cannot read IP mode file for SEGGER.I-CUBE-embOS.1.3.1
2023-03-20 08:35:32,138 [WARN] PackLoader:238 - Cannot read IP mode file for STMicroelectronics.X-CUBE-AZRTOS-L5.1.0.0
2023-03-20 08:35:32,146 [WARN] PackLoader:238 - Cannot read IP mode file for STMicroelectronics.X-CUBE-EEPRMA1.3.1.1
2023-03-20 08:35:32,150 [INFO] ThirdParty:915 - Integrity check success = true
2023-03-20 08:35:32,150 [INFO] IntegrityCheckThread:94 - exiting critical section [integrity check]
2023-03-20 08:35:32,150 [INFO] IntegrityCheckThread:97 - End integrity checks thread
2023-03-20 08:35:32,150 [INFO] ThirdParty:815 - entering critical section [close project]
2023-03-20 08:35:32,150 [INFO] ThirdParty:825 - exiting critical section [close project]
2023-03-20 08:35:32,160 [INFO] PinOutPanel:1463 - setPackage(No Configuration,No Configuration)
2023-03-20 08:35:32,164 [INFO] UtilMem:74 - Begin LoadConfig() Used Memory: 596015064 Bytes (662700032)
2023-03-20 08:35:32,164 [INFO] MicroXplorer:448 - Change Database Path : 
2023-03-20 08:35:32,164 [INFO] MicroXplorer:478 - Change Database Version : DB.6.0.30
2023-03-20 08:35:32,164 [INFO] OpenFileManager:313 - Change cursor
2023-03-20 08:35:33,408 [INFO] Context:592 - Trying to add GPIOservice into a context  which must be forbidden
2023-03-20 08:35:33,807 [WARN] ApiManager:304 - Cannot register API 'Board Extension:GNSS1A1' from pack STMicroelectronics.X-CUBE-GNSS1.6.0.0: no header file found
2023-03-20 08:35:33,811 [WARN] ApiManager:304 - Cannot register API 'Board Support:Custom' from pack STMicroelectronics.X-CUBE-GNSS1.6.0.0: no header file found
2023-03-20 08:35:33,811 [WARN] ApiManager:304 - Cannot register API 'Data Exchange:lib_gnss' from pack STMicroelectronics.X-CUBE-GNSS1.6.0.0: no header file found
2023-03-20 08:35:34,422 [WARN] ApiManager:304 - Cannot register API 'Board Extension:IKS01A3' from pack STMicroelectronics.X-CUBE-MEMS1.9.4.0: no header file found
2023-03-20 08:35:34,422 [WARN] ApiManager:304 - Cannot register API 'Board Extension:IKS01A2' from pack STMicroelectronics.X-CUBE-MEMS1.9.4.0: no header file found
2023-03-20 08:35:34,422 [WARN] ApiManager:304 - Cannot register API 'Board Extension:IKS02A1' from pack STMicroelectronics.X-CUBE-MEMS1.9.4.0: no header file found
2023-03-20 08:35:34,442 [WARN] ApiManager:304 - Cannot register API 'Wireless:BlueNRG-MS' from pack STMicroelectronics.X-CUBE-BLE1.6.2.3: no header file found
2023-03-20 08:35:34,446 [WARN] ApiManager:304 - Cannot register API 'Wireless:BlueNRG-MS' from pack STMicroelectronics.X-CUBE-BLE1.6.2.4: no header file found
2023-03-20 08:35:34,450 [INFO] RtosManager:484 - Registered RTOS mode: class=CMSIS, group=RTOS, mode=CMSIS_V1, owner=FREERTOS
2023-03-20 08:35:34,450 [INFO] RtosManager:484 - Registered RTOS mode: class=CMSIS, group=RTOS2, mode=CMSIS_V2, owner=FREERTOS
2023-03-20 08:35:34,450 [INFO] RtosManager:484 - Registered RTOS mode: class=RTOS, group=Core, mode=CMSIS_V1, owner=FREERTOS
2023-03-20 08:35:34,450 [INFO] RtosManager:484 - Registered RTOS mode: class=RTOS, group=Core, mode=CMSIS_V2, owner=FREERTOS
2023-03-20 08:35:34,450 [WARN] ModelIntegratedComponent:181 - Missing modes for component STMicroelectronics:FreeRTOS:0.0.1:STMicroelectronics:RTOS:FreeRTOS:Core:::10.2.0:
2023-03-20 08:35:34,458 [WARN] ApiManager:304 - Cannot register API 'Board Extension:S2868A1' from pack STMicroelectronics.X-CUBE-SUBG2.5.0.0: no header file found
2023-03-20 08:35:34,458 [WARN] ApiManager:304 - Cannot register API 'Board Extension:S2868A2' from pack STMicroelectronics.X-CUBE-SUBG2.5.0.0: no header file found
2023-03-20 08:35:34,462 [WARN] ApiManager:304 - Cannot register API 'Board Extension:S2915A1' from pack STMicroelectronics.X-CUBE-SUBG2.5.0.0: no header file found
2023-03-20 08:35:34,462 [WARN] ApiManager:304 - Cannot register API 'Board Extension:NFC04A1' from pack STMicroelectronics.X-CUBE-NFC4.3.0.0: no header file found
2023-03-20 08:35:34,470 [WARN] ApiManager:304 - Cannot register API 'Board Extension:NFC04A1' from pack STMicroelectronics.X-CUBE-NFC4.2.0.5: no header file found
2023-03-20 08:35:34,470 [WARN] ApiManager:304 - Cannot register API 'Board Extension:NFC04A1' from pack STMicroelectronics.X-CUBE-NFC4.2.0.4: no header file found
2023-03-20 08:35:34,482 [WARN] ModelIntegratedComponent:60 - No mode defined for component null
2023-03-20 08:35:34,486 [WARN] ModelIntegratedComponent:60 - No mode defined for component null
2023-03-20 08:35:34,486 [WARN] ModelIntegratedComponent:60 - No mode defined for component null
2023-03-20 08:35:34,486 [WARN] ModelIntegratedComponent:60 - No mode defined for component null
2023-03-20 08:35:34,486 [WARN] ModelIntegratedComponent:60 - No mode defined for component null
2023-03-20 08:35:34,486 [WARN] ModelIntegratedComponent:60 - No mode defined for component null
2023-03-20 08:35:34,486 [WARN] ModelIntegratedComponent:60 - No mode defined for component null
2023-03-20 08:35:34,486 [WARN] ModelIntegratedComponent:60 - No mode defined for component null
2023-03-20 08:35:34,486 [WARN] ModelIntegratedComponent:60 - No mode defined for component null
2023-03-20 08:35:34,486 [WARN] ModelIntegratedComponent:60 - No mode defined for component null
2023-03-20 08:35:34,486 [WARN] ModelIntegratedComponent:60 - No mode defined for component null
2023-03-20 08:35:34,486 [WARN] ModelIntegratedComponent:60 - No mode defined for component null
2023-03-20 08:35:34,486 [WARN] ModelIntegratedComponent:60 - No mode defined for component null
2023-03-20 08:35:34,486 [WARN] ModelIntegratedComponent:60 - No mode defined for component null
2023-03-20 08:35:34,486 [WARN] ModelIntegratedComponent:60 - No mode defined for component null
2023-03-20 08:35:34,486 [WARN] ModelIntegratedComponent:60 - No mode defined for component null
2023-03-20 08:35:34,486 [WARN] ModelIntegratedComponent:60 - No mode defined for component null
2023-03-20 08:35:34,486 [WARN] ModelIntegratedComponent:60 - No mode defined for component null
2023-03-20 08:35:34,486 [WARN] ModelIntegratedComponent:60 - No mode defined for component null
2023-03-20 08:35:34,486 [WARN] ModelIntegratedComponent:60 - No mode defined for component null
2023-03-20 08:35:34,486 [WARN] ModelIntegratedComponent:60 - No mode defined for component null
2023-03-20 08:35:34,486 [WARN] ModelIntegratedComponent:60 - No mode defined for component null
2023-03-20 08:35:34,486 [WARN] ModelIntegratedComponent:60 - No mode defined for component null
2023-03-20 08:35:34,486 [WARN] ModelIntegratedComponent:60 - No mode defined for component null
2023-03-20 08:35:34,486 [WARN] ModelIntegratedComponent:60 - No mode defined for component null
2023-03-20 08:35:34,486 [WARN] ModelIntegratedComponent:60 - No mode defined for component null
2023-03-20 08:35:34,486 [WARN] ModelIntegratedComponent:60 - No mode defined for component null
2023-03-20 08:35:34,486 [WARN] ModelIntegratedComponent:60 - No mode defined for component null
2023-03-20 08:35:34,486 [WARN] ModelIntegratedComponent:60 - No mode defined for component null
2023-03-20 08:35:34,490 [WARN] ModelIntegratedComponent:60 - No mode defined for component null
2023-03-20 08:35:34,490 [WARN] ModelIntegratedComponent:60 - No mode defined for component null
2023-03-20 08:35:34,510 [WARN] ApiManager:304 - Cannot register API 'Board Extension:NFC07A1' from pack STMicroelectronics.X-CUBE-NFC7.1.0.0: no header file found
2023-03-20 08:35:34,899 [WARN] ApiManager:304 - Cannot register API 'Board Extension:IKS01A3' from pack STMicroelectronics.X-CUBE-MEMS1.9.3.0: no header file found
2023-03-20 08:35:34,899 [WARN] ApiManager:304 - Cannot register API 'Board Extension:IKS01A2' from pack STMicroelectronics.X-CUBE-MEMS1.9.3.0: no header file found
2023-03-20 08:35:34,899 [WARN] ApiManager:304 - Cannot register API 'Board Extension:IKS02A1' from pack STMicroelectronics.X-CUBE-MEMS1.9.3.0: no header file found
2023-03-20 08:35:34,910 [WARN] ApiManager:304 - Cannot register API 'Board Extension:EEPRMA1' from pack STMicroelectronics.X-CUBE-EEPRMA1.4.1.0: no header file found
2023-03-20 08:35:34,910 [WARN] ApiManager:304 - Cannot register API 'Board Extension:EEPRMA2' from pack STMicroelectronics.X-CUBE-EEPRMA1.4.1.0: no header file found
2023-03-20 08:35:34,915 [WARN] ApiManager:304 - Cannot register API 'Board Extension:PGEEZ1' from pack STMicroelectronics.X-CUBE-EEPRMA1.4.1.0: no header file found
2023-03-20 08:35:34,915 [WARN] ApiManager:304 - Cannot register API 'Board Part:M24' from pack STMicroelectronics.X-CUBE-EEPRMA1.4.1.0: no header file found
2023-03-20 08:35:34,915 [WARN] ApiManager:304 - Cannot register API 'Board Part:M95' from pack STMicroelectronics.X-CUBE-EEPRMA1.4.1.0: no header file found
2023-03-20 08:35:34,915 [WARN] ApiManager:304 - Cannot register API 'Board Part:M95P32' from pack STMicroelectronics.X-CUBE-EEPRMA1.4.1.0: no header file found
2023-03-20 08:35:34,915 [WARN] ApiManager:304 - Cannot register API 'PGEEZ1:SPI' from pack STMicroelectronics.X-CUBE-EEPRMA1.4.1.0: no header file found
2023-03-20 08:35:34,915 [WARN] ApiManager:304 - Cannot register API 'PGEEZ1:QDSPI' from pack STMicroelectronics.X-CUBE-EEPRMA1.4.1.0: no header file found
2023-03-20 08:35:35,394 [WARN] ApiManager:304 - Cannot register API 'Board Extension:IKS01A3' from pack STMicroelectronics.X-CUBE-MEMS1.9.5.0: no header file found
2023-03-20 08:35:35,398 [WARN] ApiManager:304 - Cannot register API 'Board Extension:IKS01A2' from pack STMicroelectronics.X-CUBE-MEMS1.9.5.0: no header file found
2023-03-20 08:35:35,398 [WARN] ApiManager:304 - Cannot register API 'Board Extension:IKS02A1' from pack STMicroelectronics.X-CUBE-MEMS1.9.5.0: no header file found
2023-03-20 08:35:35,426 [WARN] ApiManager:304 - Cannot register API 'Board Extension:EEPRMA1' from pack STMicroelectronics.X-CUBE-EEPRMA1.3.1.1: no header file found
2023-03-20 08:35:35,426 [WARN] ApiManager:304 - Cannot register API 'Board Extension:EEPRMA2' from pack STMicroelectronics.X-CUBE-EEPRMA1.3.1.1: no header file found
2023-03-20 08:35:35,430 [WARN] ApiManager:304 - Cannot register API 'Board Extension:S2868A1' from pack STMicroelectronics.X-CUBE-SFXS2LP1.4.0.0: no header file found
2023-03-20 08:35:35,430 [WARN] ApiManager:304 - Cannot register API 'Board Extension:S2868A2' from pack STMicroelectronics.X-CUBE-SFXS2LP1.4.0.0: no header file found
2023-03-20 08:35:35,430 [WARN] ApiManager:304 - Cannot register API 'Board Extension:S2915A1' from pack STMicroelectronics.X-CUBE-SFXS2LP1.4.0.0: no header file found
2023-03-20 08:35:35,430 [WARN] ApiManager:304 - Cannot register API 'Wireless:BlueNRG-2' from pack STMicroelectronics.X-CUBE-BLE2.3.3.0: no header file found
2023-03-20 08:35:50,680 [INFO] UtilMem:74 - End LoadConfig() Used Memory: 594760376 Bytes (721420288)
2023-03-20 08:35:50,680 [INFO] DbMcusXml:100 - Load MCU database from C:\ST\STM32CubeIDE_1.7.0\STM32CubeIDE\plugins\com.st.stm32cube.common.mx_6.3.0.202107141111\\db\/mcu/families.xml
2023-03-20 08:35:52,149 [INFO] DbMcusJson:93 - JSON generation date=Tue Nov 16 23:17:54 ICT 2021 (1637079474)
2023-03-20 08:35:53,361 [INFO] DbMcus:175 - Found 1951 MCUs (1903 are supported by CubeMX, 1914 are visible in CubeMX)
2023-03-20 08:35:53,365 [INFO] ApiDb:251 - Load user favorites file C:\Users\Admin/.stm32cubeide/favorites.mcus.txt: 0 item(s)
2023-03-20 08:35:53,365 [INFO] ApiDb:255 - User favorites MCUs=[]
2023-03-20 08:35:53,365 [INFO] DbMcus:187 - Set 0 / 0 favorites MCUs
2023-03-20 08:35:53,369 [WARN] ThirdParty:779 - waiting for thirdparty lock release [change project]
2023-03-20 08:35:53,369 [INFO] ThirdParty:781 - entering critical section [change project]
2023-03-20 08:35:53,369 [INFO] ThirdParty:967 - CMSIS Pack Vendor :STMicroelectronics X-CUBE-ISPU 1.1.0
2023-03-20 08:35:53,369 [INFO] ThirdParty:967 - CMSIS Pack Vendor :RoweBots I-CUBE-UNISONRTOS 5.5.0-4
2023-03-20 08:35:53,369 [INFO] ThirdParty:967 - CMSIS Pack Vendor :STMicroelectronics X-CUBE-GNSS1 6.0.0
2023-03-20 08:35:53,369 [INFO] ThirdParty:967 - CMSIS Pack Vendor :STMicroelectronics X-CUBE-AZRTOS-H7 2.1.0
2023-03-20 08:35:53,369 [INFO] ThirdParty:967 - CMSIS Pack Vendor :STMicroelectronics USB_HOST 2.0.0
2023-03-20 08:35:53,369 [INFO] ThirdParty:967 - CMSIS Pack Vendor :STMicroelectronics X-CUBE-AZRTOS-F4 1.1.0
2023-03-20 08:35:53,369 [INFO] ThirdParty:967 - CMSIS Pack Vendor :STMicroelectronics USB_DEVICE 3.0.0
2023-03-20 08:35:53,369 [INFO] ThirdParty:967 - CMSIS Pack Vendor :STMicroelectronics X-CUBE-AI 8.0.0
2023-03-20 08:35:53,369 [INFO] ThirdParty:967 - CMSIS Pack Vendor :STMicroelectronics X-CUBE-TOUCHGFX 4.21.1
2023-03-20 08:35:53,369 [INFO] ThirdParty:967 - CMSIS Pack Vendor :STMicroelectronics X-CUBE-TOUCHGFX 4.21.0
2023-03-20 08:35:53,369 [INFO] ThirdParty:967 - CMSIS Pack Vendor :STMicroelectronics X-CUBE-BLEMGR 1.0.0
2023-03-20 08:35:53,369 [INFO] ThirdParty:967 - CMSIS Pack Vendor :STMicroelectronics X-CUBE-BLEMGR 1.2.0
2023-03-20 08:35:53,369 [INFO] ThirdParty:967 - CMSIS Pack Vendor :STMicroelectronics X-CUBE-AZRTOS-F7 1.1.0
2023-03-20 08:35:53,369 [INFO] ThirdParty:967 - CMSIS Pack Vendor :STMicroelectronics X-CUBE-MEMS1 9.4.0
2023-03-20 08:35:53,369 [INFO] ThirdParty:967 - CMSIS Pack Vendor :STMicroelectronics USB_DEVICE 2.0.0
2023-03-20 08:35:53,369 [INFO] ThirdParty:967 - CMSIS Pack Vendor :STMicroelectronics X-CUBE-AI 7.3.0
2023-03-20 08:35:53,369 [INFO] ThirdParty:967 - CMSIS Pack Vendor :STMicroelectronics X-CUBE-BLE1 6.2.3
2023-03-20 08:35:53,369 [INFO] ThirdParty:967 - CMSIS Pack Vendor :STMicroelectronics X-CUBE-ALGOBUILD 1.3.0
2023-03-20 08:35:53,369 [INFO] ThirdParty:967 - CMSIS Pack Vendor :STMicroelectronics X-CUBE-BLE1 6.2.4
2023-03-20 08:35:53,369 [INFO] ThirdParty:967 - CMSIS Pack Vendor :STMicroelectronics X-CUBE-AZRTOS-L5 1.1.0
2023-03-20 08:35:53,369 [INFO] ThirdParty:967 - CMSIS Pack Vendor :STMicroelectronics FreeRTOS 0.0.1
2023-03-20 08:35:53,369 [INFO] ThirdParty:967 - CMSIS Pack Vendor :STMicroelectronics X-CUBE-AZRTOS-G0 1.1.0
2023-03-20 08:35:53,369 [INFO] ThirdParty:967 - CMSIS Pack Vendor :STMicroelectronics X-CUBE-BLEMGR 2.0.0
2023-03-20 08:35:53,369 [INFO] ThirdParty:967 - CMSIS Pack Vendor :STMicroelectronics X-CUBE-SUBG2 5.0.0
2023-03-20 08:35:53,369 [INFO] ThirdParty:967 - CMSIS Pack Vendor :STMicroelectronics X-CUBE-NFC4 3.0.0
2023-03-20 08:35:53,369 [INFO] ThirdParty:967 - CMSIS Pack Vendor :SEGGER I-CUBE-embOS 1.2.0
2023-03-20 08:35:53,369 [INFO] ThirdParty:967 - CMSIS Pack Vendor :STMicroelectronics lwIP 2.0.3
2023-03-20 08:35:53,369 [INFO] ThirdParty:967 - CMSIS Pack Vendor :STMicroelectronics X-CUBE-NFC4 2.0.5
2023-03-20 08:35:53,369 [INFO] ThirdParty:967 - CMSIS Pack Vendor :STMicroelectronics X-CUBE-NFC4 2.0.4
2023-03-20 08:35:53,369 [INFO] ThirdParty:967 - CMSIS Pack Vendor :STMicroelectronics USB_HOST 1.0.0
2023-03-20 08:35:53,369 [INFO] ThirdParty:967 - CMSIS Pack Vendor :STMicroelectronics PDM2PCM 3.1.0
2023-03-20 08:35:53,369 [INFO] ThirdParty:967 - CMSIS Pack Vendor :STMicroelectronics FP-ATR-ASTRA1 1.1.1
2023-03-20 08:35:53,369 [INFO] ThirdParty:967 - CMSIS Pack Vendor :STMicroelectronics PDM2PCM 3.3.0
2023-03-20 08:35:53,369 [INFO] ThirdParty:967 - CMSIS Pack Vendor :STMicroelectronics X-CUBE-TOF1 3.1.0
2023-03-20 08:35:53,369 [INFO] ThirdParty:967 - CMSIS Pack Vendor :STMicroelectronics X-CUBE-BLEMGR 1.3.0
2023-03-20 08:35:53,369 [INFO] ThirdParty:967 - CMSIS Pack Vendor :STMicroelectronics X-CUBE-AZRTOS-G4 1.0.0
2023-03-20 08:35:53,373 [INFO] ThirdParty:967 - CMSIS Pack Vendor :STMicroelectronics FP-ATR-SIGFOX1 3.2.0
2023-03-20 08:35:53,373 [INFO] ThirdParty:967 - CMSIS Pack Vendor :STMicroelectronics X-CUBE-AZRTOS-L4 1.0.0
2023-03-20 08:35:53,373 [INFO] ThirdParty:967 - CMSIS Pack Vendor :wolfSSL I-CUBE-wolfSSL 5.5.0
2023-03-20 08:35:53,373 [INFO] ThirdParty:967 - CMSIS Pack Vendor :STMicroelectronics HAL Drivers 0.0.0
2023-03-20 08:35:53,373 [INFO] ThirdParty:967 - CMSIS Pack Vendor :STMicroelectronics MBEDTLS 2.16.2
2023-03-20 08:35:53,373 [INFO] ThirdParty:967 - CMSIS Pack Vendor :emotas I-CUBE-CANOPEN 1.1.2
2023-03-20 08:35:53,373 [INFO] ThirdParty:967 - CMSIS Pack Vendor :STMicroelectronics X-CUBE-TOUCHGFX 4.20.0
2023-03-20 08:35:53,373 [INFO] ThirdParty:967 - CMSIS Pack Vendor :STMicroelectronics MBEDTLS 2.14.1
2023-03-20 08:35:53,373 [INFO] ThirdParty:967 - CMSIS Pack Vendor :STMicroelectronics X-CUBE-NFC7 1.0.0
2023-03-20 08:35:53,373 [INFO] ThirdParty:967 - CMSIS Pack Vendor :STMicroelectronics X-CUBE-AZRTOS-WL 1.0.0
2023-03-20 08:35:53,373 [INFO] ThirdParty:967 - CMSIS Pack Vendor :STMicroelectronics X-CUBE-MEMS1 9.3.0
2023-03-20 08:35:53,373 [INFO] ThirdParty:967 - CMSIS Pack Vendor :STMicroelectronics X-CUBE-EEPRMA1 4.1.0
2023-03-20 08:35:53,373 [INFO] ThirdParty:967 - CMSIS Pack Vendor :portGmbH I-Cube-SoM-uGOAL 1.1.0
2023-03-20 08:35:53,373 [INFO] ThirdParty:967 - CMSIS Pack Vendor :STMicroelectronics X-CUBE-ALS 1.0.1
2023-03-20 08:35:53,373 [INFO] ThirdParty:967 - CMSIS Pack Vendor :STMicroelectronics X-CUBE-AI 7.2.0
2023-03-20 08:35:53,373 [INFO] ThirdParty:967 - CMSIS Pack Vendor :STMicroelectronics X-CUBE-MEMS1 9.5.0
2023-03-20 08:35:53,373 [INFO] ThirdParty:967 - CMSIS Pack Vendor :STMicroelectronics X-CUBE-AZRTOS-WB 1.1.0
2023-03-20 08:35:53,373 [INFO] ThirdParty:967 - CMSIS Pack Vendor :SEGGER I-CUBE-embOS 1.3.1
2023-03-20 08:35:53,373 [INFO] ThirdParty:967 - CMSIS Pack Vendor :STMicroelectronics X-CUBE-AZRTOS-L5 1.0.0
2023-03-20 08:35:53,373 [INFO] ThirdParty:967 - CMSIS Pack Vendor :STMicroelectronics USB_DEVICE 1.0.0
2023-03-20 08:35:53,373 [INFO] ThirdParty:967 - CMSIS Pack Vendor :STMicroelectronics X-CUBE-EEPRMA1 3.1.1
2023-03-20 08:35:53,373 [INFO] ThirdParty:967 - CMSIS Pack Vendor :STMicroelectronics ThreadX 0.0.2
2023-03-20 08:35:53,373 [INFO] ThirdParty:967 - CMSIS Pack Vendor :WES I-CUBE-Cesium 1.3.0
2023-03-20 08:35:53,373 [INFO] ThirdParty:967 - CMSIS Pack Vendor :STMicroelectronics lwIP 2.1.2
2023-03-20 08:35:53,373 [INFO] ThirdParty:967 - CMSIS Pack Vendor :STMicroelectronics X-CUBE-SFXS2LP1 4.0.0
2023-03-20 08:35:53,373 [INFO] ThirdParty:967 - CMSIS Pack Vendor :STMicroelectronics X-CUBE-BLE2 3.3.0
2023-03-20 08:35:53,373 [INFO] ThirdParty:967 - CMSIS Pack Vendor :STMicroelectronics X-CUBE-DISPLAY 2.2.0
2023-03-20 08:35:53,373 [INFO] ThirdParty:967 - CMSIS Pack Vendor :STMicroelectronics X-CUBE-TOF1 3.2.0
2023-03-20 08:35:53,373 [INFO] ThirdParty:967 - CMSIS Pack Vendor :STMicroelectronics PDM2PCM 3.2.0
2023-03-20 08:35:53,373 [INFO] ThirdParty:967 - CMSIS Pack Vendor :STMicroelectronics X-CUBE-AZRTOS-H7 3.0.0
2023-03-20 08:35:53,373 [INFO] ThirdParty:967 - CMSIS Pack Vendor :STMicroelectronics X-CUBE-ISPU 1.0.0
2023-03-20 08:35:53,373 [INFO] ThirdParty:787 - exiting critical section [change project]
2023-03-20 08:35:53,936 [INFO] PinOutPanel:1463 - setPackage(No Configuration,No Configuration)
2023-03-20 08:35:53,940 [INFO] PinOutPanel:1463 - setPackage(STM32F103C6Ux,UFQFPN48)
2023-03-20 08:35:54,644 [INFO] UtilMem:74 - Before build in PCC Used Memory: 698257632 Bytes (875560960)
2023-03-20 08:35:55,793 [INFO] UtilMem:74 - After build in PCC Used Memory: 722796032 Bytes (875560960)
2023-03-20 08:35:55,858 [INFO] IPUIPlugin:74 - create IPUIPlugin
2023-03-20 08:35:55,859 [INFO] IPUIPlugin:74 - create IPUIPlugin
2023-03-20 08:35:55,859 [INFO] IPUIPlugin:74 - create IPUIPlugin
2023-03-20 08:35:55,859 [INFO] IPUIPlugin:74 - create IPUIPlugin
2023-03-20 08:35:55,859 [INFO] IPUIPlugin:74 - create IPUIPlugin
2023-03-20 08:35:55,860 [INFO] IPUIPlugin:74 - create IPUIPlugin
2023-03-20 08:35:55,860 [INFO] IPUIPlugin:74 - create IPUIPlugin
2023-03-20 08:35:55,860 [INFO] IPUIPlugin:74 - create IPUIPlugin
2023-03-20 08:35:55,861 [INFO] IPUIPlugin:74 - create IPUIPlugin
2023-03-20 08:35:55,861 [INFO] IPUIPlugin:74 - create IPUIPlugin
2023-03-20 08:35:55,861 [INFO] IPUIPlugin:74 - create IPUIPlugin
2023-03-20 08:35:55,862 [INFO] IPUIPlugin:74 - create IPUIPlugin
2023-03-20 08:35:55,863 [INFO] IPUIPlugin:74 - create IPUIPlugin
2023-03-20 08:35:55,863 [INFO] IPUIPlugin:74 - create IPUIPlugin
2023-03-20 08:35:55,864 [INFO] IPUIPlugin:74 - create IPUIPlugin
2023-03-20 08:35:55,864 [INFO] IPUIPlugin:74 - create IPUIPlugin
2023-03-20 08:35:55,864 [INFO] IPUIPlugin:74 - create IPUIPlugin
2023-03-20 08:35:55,865 [INFO] IPUIPlugin:74 - create IPUIPlugin
2023-03-20 08:35:55,866 [INFO] IPUIPlugin:74 - create IPUIPlugin
2023-03-20 08:35:55,866 [INFO] IPUIPlugin:74 - create IPUIPlugin
2023-03-20 08:35:55,867 [INFO] IPUIPlugin:74 - create IPUIPlugin
2023-03-20 08:35:55,867 [INFO] IPUIPlugin:74 - create IPUIPlugin
2023-03-20 08:35:55,867 [INFO] IPUIPlugin:74 - create IPUIPlugin
2023-03-20 08:35:56,061 [INFO] OpenFileManager:333 - Restore cursor
2023-03-20 08:36:15,501 [INFO] Gpio:254 - dependency for GPIO []
2023-03-20 08:36:22,182 [INFO] Gpio:254 - dependency for GPIO []
2023-03-20 09:14:56,920 [INFO] MainUpdater:2671 - connection check result : 10
2023-03-20 09:14:56,920 [INFO] MainUpdater:2671 - connection check result : 10
2023-03-20 09:14:57,639 [INFO] MicroXplorer:448 - Change Database Path : 
2023-03-20 09:14:57,639 [INFO] MicroXplorer:478 - Change Database Version : DB.6.0.30
2023-03-20 09:14:57,639 [WARN] ThirdParty:813 - waiting for thirdparty lock release [close project]
2023-03-20 09:14:57,639 [INFO] ThirdParty:815 - entering critical section [close project]
2023-03-20 09:14:57,639 [INFO] ThirdParty:825 - exiting critical section [close project]
2023-03-20 09:14:57,639 [INFO] PinOutPanel:1463 - setPackage(No Configuration,No Configuration)
2023-03-20 09:14:57,647 [INFO] UtilMem:74 - Begin LoadConfig() Used Memory: 668543960 Bytes (875560960)
2023-03-20 09:14:57,651 [INFO] MicroXplorer:448 - Change Database Path : 
2023-03-20 09:14:57,651 [INFO] MicroXplorer:478 - Change Database Version : DB.6.0.30
2023-03-20 09:14:57,651 [INFO] OpenFileManager:313 - Change cursor
2023-03-20 09:14:58,538 [INFO] Context:592 - Trying to add GPIOservice into a context  which must be forbidden
2023-03-20 09:14:58,854 [WARN] ApiManager:304 - Cannot register API 'Board Extension:GNSS1A1' from pack STMicroelectronics.X-CUBE-GNSS1.6.0.0: no header file found
2023-03-20 09:14:58,854 [WARN] ApiManager:304 - Cannot register API 'Board Support:Custom' from pack STMicroelectronics.X-CUBE-GNSS1.6.0.0: no header file found
2023-03-20 09:14:58,854 [WARN] ApiManager:304 - Cannot register API 'Data Exchange:lib_gnss' from pack STMicroelectronics.X-CUBE-GNSS1.6.0.0: no header file found
2023-03-20 09:14:59,290 [WARN] ApiManager:304 - Cannot register API 'Board Extension:IKS01A3' from pack STMicroelectronics.X-CUBE-MEMS1.9.4.0: no header file found
2023-03-20 09:14:59,290 [WARN] ApiManager:304 - Cannot register API 'Board Extension:IKS01A2' from pack STMicroelectronics.X-CUBE-MEMS1.9.4.0: no header file found
2023-03-20 09:14:59,290 [WARN] ApiManager:304 - Cannot register API 'Board Extension:IKS02A1' from pack STMicroelectronics.X-CUBE-MEMS1.9.4.0: no header file found
2023-03-20 09:14:59,298 [WARN] ApiManager:304 - Cannot register API 'Wireless:BlueNRG-MS' from pack STMicroelectronics.X-CUBE-BLE1.6.2.3: no header file found
2023-03-20 09:14:59,298 [WARN] ApiManager:304 - Cannot register API 'Wireless:BlueNRG-MS' from pack STMicroelectronics.X-CUBE-BLE1.6.2.4: no header file found
2023-03-20 09:14:59,302 [INFO] RtosManager:484 - Registered RTOS mode: class=CMSIS, group=RTOS, mode=CMSIS_V1, owner=FREERTOS
2023-03-20 09:14:59,302 [INFO] RtosManager:484 - Registered RTOS mode: class=CMSIS, group=RTOS2, mode=CMSIS_V2, owner=FREERTOS
2023-03-20 09:14:59,302 [INFO] RtosManager:484 - Registered RTOS mode: class=RTOS, group=Core, mode=CMSIS_V1, owner=FREERTOS
2023-03-20 09:14:59,302 [INFO] RtosManager:484 - Registered RTOS mode: class=RTOS, group=Core, mode=CMSIS_V2, owner=FREERTOS
2023-03-20 09:14:59,302 [WARN] ModelIntegratedComponent:181 - Missing modes for component STMicroelectronics:FreeRTOS:0.0.1:STMicroelectronics:RTOS:FreeRTOS:Core:::10.2.0:
2023-03-20 09:14:59,311 [WARN] ApiManager:304 - Cannot register API 'Board Extension:S2868A1' from pack STMicroelectronics.X-CUBE-SUBG2.5.0.0: no header file found
2023-03-20 09:14:59,311 [WARN] ApiManager:304 - Cannot register API 'Board Extension:S2868A2' from pack STMicroelectronics.X-CUBE-SUBG2.5.0.0: no header file found
2023-03-20 09:14:59,311 [WARN] ApiManager:304 - Cannot register API 'Board Extension:S2915A1' from pack STMicroelectronics.X-CUBE-SUBG2.5.0.0: no header file found
2023-03-20 09:14:59,311 [WARN] ApiManager:304 - Cannot register API 'Board Extension:NFC04A1' from pack STMicroelectronics.X-CUBE-NFC4.3.0.0: no header file found
2023-03-20 09:14:59,315 [WARN] ApiManager:304 - Cannot register API 'Board Extension:NFC04A1' from pack STMicroelectronics.X-CUBE-NFC4.2.0.5: no header file found
2023-03-20 09:14:59,318 [WARN] ApiManager:304 - Cannot register API 'Board Extension:NFC04A1' from pack STMicroelectronics.X-CUBE-NFC4.2.0.4: no header file found
2023-03-20 09:14:59,327 [WARN] ModelIntegratedComponent:60 - No mode defined for component null
2023-03-20 09:14:59,327 [WARN] ModelIntegratedComponent:60 - No mode defined for component null
2023-03-20 09:14:59,327 [WARN] ModelIntegratedComponent:60 - No mode defined for component null
2023-03-20 09:14:59,327 [WARN] ModelIntegratedComponent:60 - No mode defined for component null
2023-03-20 09:14:59,327 [WARN] ModelIntegratedComponent:60 - No mode defined for component null
2023-03-20 09:14:59,327 [WARN] ModelIntegratedComponent:60 - No mode defined for component null
2023-03-20 09:14:59,327 [WARN] ModelIntegratedComponent:60 - No mode defined for component null
2023-03-20 09:14:59,327 [WARN] ModelIntegratedComponent:60 - No mode defined for component null
2023-03-20 09:14:59,327 [WARN] ModelIntegratedComponent:60 - No mode defined for component null
2023-03-20 09:14:59,327 [WARN] ModelIntegratedComponent:60 - No mode defined for component null
2023-03-20 09:14:59,327 [WARN] ModelIntegratedComponent:60 - No mode defined for component null
2023-03-20 09:14:59,327 [WARN] ModelIntegratedComponent:60 - No mode defined for component null
2023-03-20 09:14:59,327 [WARN] ModelIntegratedComponent:60 - No mode defined for component null
2023-03-20 09:14:59,327 [WARN] ModelIntegratedComponent:60 - No mode defined for component null
2023-03-20 09:14:59,327 [WARN] ModelIntegratedComponent:60 - No mode defined for component null
2023-03-20 09:14:59,327 [WARN] ModelIntegratedComponent:60 - No mode defined for component null
2023-03-20 09:14:59,327 [WARN] ModelIntegratedComponent:60 - No mode defined for component null
2023-03-20 09:14:59,327 [WARN] ModelIntegratedComponent:60 - No mode defined for component null
2023-03-20 09:14:59,327 [WARN] ModelIntegratedComponent:60 - No mode defined for component null
2023-03-20 09:14:59,327 [WARN] ModelIntegratedComponent:60 - No mode defined for component null
2023-03-20 09:14:59,327 [WARN] ModelIntegratedComponent:60 - No mode defined for component null
2023-03-20 09:14:59,327 [WARN] ModelIntegratedComponent:60 - No mode defined for component null
2023-03-20 09:14:59,327 [WARN] ModelIntegratedComponent:60 - No mode defined for component null
2023-03-20 09:14:59,327 [WARN] ModelIntegratedComponent:60 - No mode defined for component null
2023-03-20 09:14:59,327 [WARN] ModelIntegratedComponent:60 - No mode defined for component null
2023-03-20 09:14:59,327 [WARN] ModelIntegratedComponent:60 - No mode defined for component null
2023-03-20 09:14:59,327 [WARN] ModelIntegratedComponent:60 - No mode defined for component null
2023-03-20 09:14:59,331 [WARN] ModelIntegratedComponent:60 - No mode defined for component null
2023-03-20 09:14:59,331 [WARN] ModelIntegratedComponent:60 - No mode defined for component null
2023-03-20 09:14:59,331 [WARN] ModelIntegratedComponent:60 - No mode defined for component null
2023-03-20 09:14:59,331 [WARN] ModelIntegratedComponent:60 - No mode defined for component null
2023-03-20 09:14:59,331 [WARN] ApiManager:304 - Cannot register API 'Board Extension:NFC07A1' from pack STMicroelectronics.X-CUBE-NFC7.1.0.0: no header file found
2023-03-20 09:14:59,742 [WARN] ApiManager:304 - Cannot register API 'Board Extension:IKS01A3' from pack STMicroelectronics.X-CUBE-MEMS1.9.3.0: no header file found
2023-03-20 09:14:59,742 [WARN] ApiManager:304 - Cannot register API 'Board Extension:IKS01A2' from pack STMicroelectronics.X-CUBE-MEMS1.9.3.0: no header file found
2023-03-20 09:14:59,742 [WARN] ApiManager:304 - Cannot register API 'Board Extension:IKS02A1' from pack STMicroelectronics.X-CUBE-MEMS1.9.3.0: no header file found
2023-03-20 09:14:59,754 [WARN] ApiManager:304 - Cannot register API 'Board Extension:EEPRMA1' from pack STMicroelectronics.X-CUBE-EEPRMA1.4.1.0: no header file found
2023-03-20 09:14:59,754 [WARN] ApiManager:304 - Cannot register API 'Board Extension:EEPRMA2' from pack STMicroelectronics.X-CUBE-EEPRMA1.4.1.0: no header file found
2023-03-20 09:14:59,754 [WARN] ApiManager:304 - Cannot register API 'Board Extension:PGEEZ1' from pack STMicroelectronics.X-CUBE-EEPRMA1.4.1.0: no header file found
2023-03-20 09:14:59,754 [WARN] ApiManager:304 - Cannot register API 'Board Part:M24' from pack STMicroelectronics.X-CUBE-EEPRMA1.4.1.0: no header file found
2023-03-20 09:14:59,754 [WARN] ApiManager:304 - Cannot register API 'Board Part:M95' from pack STMicroelectronics.X-CUBE-EEPRMA1.4.1.0: no header file found
2023-03-20 09:14:59,754 [WARN] ApiManager:304 - Cannot register API 'Board Part:M95P32' from pack STMicroelectronics.X-CUBE-EEPRMA1.4.1.0: no header file found
2023-03-20 09:14:59,754 [WARN] ApiManager:304 - Cannot register API 'PGEEZ1:SPI' from pack STMicroelectronics.X-CUBE-EEPRMA1.4.1.0: no header file found
2023-03-20 09:14:59,754 [WARN] ApiManager:304 - Cannot register API 'PGEEZ1:QDSPI' from pack STMicroelectronics.X-CUBE-EEPRMA1.4.1.0: no header file found
2023-03-20 09:15:00,437 [WARN] ApiManager:304 - Cannot register API 'Board Extension:IKS01A3' from pack STMicroelectronics.X-CUBE-MEMS1.9.5.0: no header file found
2023-03-20 09:15:00,437 [WARN] ApiManager:304 - Cannot register API 'Board Extension:IKS01A2' from pack STMicroelectronics.X-CUBE-MEMS1.9.5.0: no header file found
2023-03-20 09:15:00,437 [WARN] ApiManager:304 - Cannot register API 'Board Extension:IKS02A1' from pack STMicroelectronics.X-CUBE-MEMS1.9.5.0: no header file found
2023-03-20 09:15:00,453 [WARN] ApiManager:304 - Cannot register API 'Board Extension:EEPRMA1' from pack STMicroelectronics.X-CUBE-EEPRMA1.3.1.1: no header file found
2023-03-20 09:15:00,457 [WARN] ApiManager:304 - Cannot register API 'Board Extension:EEPRMA2' from pack STMicroelectronics.X-CUBE-EEPRMA1.3.1.1: no header file found
2023-03-20 09:15:00,457 [WARN] ApiManager:304 - Cannot register API 'Board Extension:S2868A1' from pack STMicroelectronics.X-CUBE-SFXS2LP1.4.0.0: no header file found
2023-03-20 09:15:00,457 [WARN] ApiManager:304 - Cannot register API 'Board Extension:S2868A2' from pack STMicroelectronics.X-CUBE-SFXS2LP1.4.0.0: no header file found
2023-03-20 09:15:00,457 [WARN] ApiManager:304 - Cannot register API 'Board Extension:S2915A1' from pack STMicroelectronics.X-CUBE-SFXS2LP1.4.0.0: no header file found
2023-03-20 09:15:00,461 [WARN] ApiManager:304 - Cannot register API 'Wireless:BlueNRG-2' from pack STMicroelectronics.X-CUBE-BLE2.3.3.0: no header file found
2023-03-20 09:15:15,740 [INFO] UtilMem:74 - End LoadConfig() Used Memory: 678875136 Bytes (875560960)
2023-03-20 09:15:15,740 [WARN] ThirdParty:779 - waiting for thirdparty lock release [change project]
2023-03-20 09:15:15,740 [INFO] ThirdParty:781 - entering critical section [change project]
2023-03-20 09:15:15,740 [INFO] ThirdParty:967 - CMSIS Pack Vendor :STMicroelectronics X-CUBE-ISPU 1.1.0
2023-03-20 09:15:15,740 [INFO] ThirdParty:967 - CMSIS Pack Vendor :RoweBots I-CUBE-UNISONRTOS 5.5.0-4
2023-03-20 09:15:15,740 [INFO] ThirdParty:967 - CMSIS Pack Vendor :STMicroelectronics X-CUBE-GNSS1 6.0.0
2023-03-20 09:15:15,740 [INFO] ThirdParty:967 - CMSIS Pack Vendor :STMicroelectronics X-CUBE-AZRTOS-H7 2.1.0
2023-03-20 09:15:15,744 [INFO] ThirdParty:967 - CMSIS Pack Vendor :STMicroelectronics USB_HOST 2.0.0
2023-03-20 09:15:15,744 [INFO] ThirdParty:967 - CMSIS Pack Vendor :STMicroelectronics X-CUBE-AZRTOS-F4 1.1.0
2023-03-20 09:15:15,744 [INFO] ThirdParty:967 - CMSIS Pack Vendor :STMicroelectronics USB_DEVICE 3.0.0
2023-03-20 09:15:15,744 [INFO] ThirdParty:967 - CMSIS Pack Vendor :STMicroelectronics X-CUBE-AI 8.0.0
2023-03-20 09:15:15,744 [INFO] ThirdParty:967 - CMSIS Pack Vendor :STMicroelectronics X-CUBE-TOUCHGFX 4.21.1
2023-03-20 09:15:15,744 [INFO] ThirdParty:967 - CMSIS Pack Vendor :STMicroelectronics X-CUBE-TOUCHGFX 4.21.0
2023-03-20 09:15:15,744 [INFO] ThirdParty:967 - CMSIS Pack Vendor :STMicroelectronics X-CUBE-BLEMGR 1.0.0
2023-03-20 09:15:15,744 [INFO] ThirdParty:967 - CMSIS Pack Vendor :STMicroelectronics X-CUBE-BLEMGR 1.2.0
2023-03-20 09:15:15,744 [INFO] ThirdParty:967 - CMSIS Pack Vendor :STMicroelectronics X-CUBE-AZRTOS-F7 1.1.0
2023-03-20 09:15:15,744 [INFO] ThirdParty:967 - CMSIS Pack Vendor :STMicroelectronics X-CUBE-MEMS1 9.4.0
2023-03-20 09:15:15,744 [INFO] ThirdParty:967 - CMSIS Pack Vendor :STMicroelectronics USB_DEVICE 2.0.0
2023-03-20 09:15:15,744 [INFO] ThirdParty:967 - CMSIS Pack Vendor :STMicroelectronics X-CUBE-AI 7.3.0
2023-03-20 09:15:15,744 [INFO] ThirdParty:967 - CMSIS Pack Vendor :STMicroelectronics X-CUBE-BLE1 6.2.3
2023-03-20 09:15:15,744 [INFO] ThirdParty:967 - CMSIS Pack Vendor :STMicroelectronics X-CUBE-ALGOBUILD 1.3.0
2023-03-20 09:15:15,744 [INFO] ThirdParty:967 - CMSIS Pack Vendor :STMicroelectronics X-CUBE-BLE1 6.2.4
2023-03-20 09:15:15,744 [INFO] ThirdParty:967 - CMSIS Pack Vendor :STMicroelectronics X-CUBE-AZRTOS-L5 1.1.0
2023-03-20 09:15:15,744 [INFO] ThirdParty:967 - CMSIS Pack Vendor :STMicroelectronics FreeRTOS 0.0.1
2023-03-20 09:15:15,744 [INFO] ThirdParty:967 - CMSIS Pack Vendor :STMicroelectronics X-CUBE-AZRTOS-G0 1.1.0
2023-03-20 09:15:15,744 [INFO] ThirdParty:967 - CMSIS Pack Vendor :STMicroelectronics X-CUBE-BLEMGR 2.0.0
2023-03-20 09:15:15,744 [INFO] ThirdParty:967 - CMSIS Pack Vendor :STMicroelectronics X-CUBE-SUBG2 5.0.0
2023-03-20 09:15:15,744 [INFO] ThirdParty:967 - CMSIS Pack Vendor :STMicroelectronics X-CUBE-NFC4 3.0.0
2023-03-20 09:15:15,744 [INFO] ThirdParty:967 - CMSIS Pack Vendor :SEGGER I-CUBE-embOS 1.2.0
2023-03-20 09:15:15,744 [INFO] ThirdParty:967 - CMSIS Pack Vendor :STMicroelectronics lwIP 2.0.3
2023-03-20 09:15:15,744 [INFO] ThirdParty:967 - CMSIS Pack Vendor :STMicroelectronics X-CUBE-NFC4 2.0.5
2023-03-20 09:15:15,744 [INFO] ThirdParty:967 - CMSIS Pack Vendor :STMicroelectronics X-CUBE-NFC4 2.0.4
2023-03-20 09:15:15,744 [INFO] ThirdParty:967 - CMSIS Pack Vendor :STMicroelectronics USB_HOST 1.0.0
2023-03-20 09:15:15,744 [INFO] ThirdParty:967 - CMSIS Pack Vendor :STMicroelectronics PDM2PCM 3.1.0
2023-03-20 09:15:15,744 [INFO] ThirdParty:967 - CMSIS Pack Vendor :STMicroelectronics FP-ATR-ASTRA1 1.1.1
2023-03-20 09:15:15,744 [INFO] ThirdParty:967 - CMSIS Pack Vendor :STMicroelectronics PDM2PCM 3.3.0
2023-03-20 09:15:15,744 [INFO] ThirdParty:967 - CMSIS Pack Vendor :STMicroelectronics X-CUBE-TOF1 3.1.0
2023-03-20 09:15:15,744 [INFO] ThirdParty:967 - CMSIS Pack Vendor :STMicroelectronics X-CUBE-BLEMGR 1.3.0
2023-03-20 09:15:15,744 [INFO] ThirdParty:967 - CMSIS Pack Vendor :STMicroelectronics X-CUBE-AZRTOS-G4 1.0.0
2023-03-20 09:15:15,744 [INFO] ThirdParty:967 - CMSIS Pack Vendor :STMicroelectronics FP-ATR-SIGFOX1 3.2.0
2023-03-20 09:15:15,744 [INFO] ThirdParty:967 - CMSIS Pack Vendor :STMicroelectronics X-CUBE-AZRTOS-L4 1.0.0
2023-03-20 09:15:15,744 [INFO] ThirdParty:967 - CMSIS Pack Vendor :wolfSSL I-CUBE-wolfSSL 5.5.0
2023-03-20 09:15:15,744 [INFO] ThirdParty:967 - CMSIS Pack Vendor :STMicroelectronics HAL Drivers 0.0.0
2023-03-20 09:15:15,748 [INFO] ThirdParty:967 - CMSIS Pack Vendor :STMicroelectronics MBEDTLS 2.16.2
2023-03-20 09:15:15,748 [INFO] ThirdParty:967 - CMSIS Pack Vendor :emotas I-CUBE-CANOPEN 1.1.2
2023-03-20 09:15:15,748 [INFO] ThirdParty:967 - CMSIS Pack Vendor :STMicroelectronics X-CUBE-TOUCHGFX 4.20.0
2023-03-20 09:15:15,748 [INFO] ThirdParty:967 - CMSIS Pack Vendor :STMicroelectronics MBEDTLS 2.14.1
2023-03-20 09:15:15,748 [INFO] ThirdParty:967 - CMSIS Pack Vendor :STMicroelectronics X-CUBE-NFC7 1.0.0
2023-03-20 09:15:15,748 [INFO] ThirdParty:967 - CMSIS Pack Vendor :STMicroelectronics X-CUBE-AZRTOS-WL 1.0.0
2023-03-20 09:15:15,748 [INFO] ThirdParty:967 - CMSIS Pack Vendor :STMicroelectronics X-CUBE-MEMS1 9.3.0
2023-03-20 09:15:15,748 [INFO] ThirdParty:967 - CMSIS Pack Vendor :STMicroelectronics X-CUBE-EEPRMA1 4.1.0
2023-03-20 09:15:15,748 [INFO] ThirdParty:967 - CMSIS Pack Vendor :portGmbH I-Cube-SoM-uGOAL 1.1.0
2023-03-20 09:15:15,748 [INFO] ThirdParty:967 - CMSIS Pack Vendor :STMicroelectronics X-CUBE-ALS 1.0.1
2023-03-20 09:15:15,748 [INFO] ThirdParty:967 - CMSIS Pack Vendor :STMicroelectronics X-CUBE-AI 7.2.0
2023-03-20 09:15:15,748 [INFO] ThirdParty:967 - CMSIS Pack Vendor :STMicroelectronics X-CUBE-MEMS1 9.5.0
2023-03-20 09:15:15,748 [INFO] ThirdParty:967 - CMSIS Pack Vendor :STMicroelectronics X-CUBE-AZRTOS-WB 1.1.0
2023-03-20 09:15:15,748 [INFO] ThirdParty:967 - CMSIS Pack Vendor :SEGGER I-CUBE-embOS 1.3.1
2023-03-20 09:15:15,748 [INFO] ThirdParty:967 - CMSIS Pack Vendor :STMicroelectronics X-CUBE-AZRTOS-L5 1.0.0
2023-03-20 09:15:15,748 [INFO] ThirdParty:967 - CMSIS Pack Vendor :STMicroelectronics USB_DEVICE 1.0.0
2023-03-20 09:15:15,748 [INFO] ThirdParty:967 - CMSIS Pack Vendor :STMicroelectronics X-CUBE-EEPRMA1 3.1.1
2023-03-20 09:15:15,748 [INFO] ThirdParty:967 - CMSIS Pack Vendor :STMicroelectronics ThreadX 0.0.2
2023-03-20 09:15:15,748 [INFO] ThirdParty:967 - CMSIS Pack Vendor :WES I-CUBE-Cesium 1.3.0
2023-03-20 09:15:15,748 [INFO] ThirdParty:967 - CMSIS Pack Vendor :STMicroelectronics lwIP 2.1.2
2023-03-20 09:15:15,748 [INFO] ThirdParty:967 - CMSIS Pack Vendor :STMicroelectronics X-CUBE-SFXS2LP1 4.0.0
2023-03-20 09:15:15,748 [INFO] ThirdParty:967 - CMSIS Pack Vendor :STMicroelectronics X-CUBE-BLE2 3.3.0
2023-03-20 09:15:15,748 [INFO] ThirdParty:967 - CMSIS Pack Vendor :STMicroelectronics X-CUBE-DISPLAY 2.2.0
2023-03-20 09:15:15,748 [INFO] ThirdParty:967 - CMSIS Pack Vendor :STMicroelectronics X-CUBE-TOF1 3.2.0
2023-03-20 09:15:15,748 [INFO] ThirdParty:967 - CMSIS Pack Vendor :STMicroelectronics PDM2PCM 3.2.0
2023-03-20 09:15:15,748 [INFO] ThirdParty:967 - CMSIS Pack Vendor :STMicroelectronics X-CUBE-AZRTOS-H7 3.0.0
2023-03-20 09:15:15,748 [INFO] ThirdParty:967 - CMSIS Pack Vendor :STMicroelectronics X-CUBE-ISPU 1.0.0
2023-03-20 09:15:15,748 [INFO] ThirdParty:787 - exiting critical section [change project]
2023-03-20 09:15:15,968 [INFO] PinOutPanel:1463 - setPackage(No Configuration,No Configuration)
2023-03-20 09:15:15,968 [INFO] PinOutPanel:1463 - setPackage(STM32F103C6Ux,UFQFPN48)
2023-03-20 09:15:16,381 [INFO] UtilMem:74 - Before build in PCC Used Memory: 759615488 Bytes (875560960)
2023-03-20 09:15:16,800 [INFO] UtilMem:74 - After build in PCC Used Memory: 688263168 Bytes (875560960)
2023-03-20 09:15:16,832 [INFO] IPUIPlugin:74 - create IPUIPlugin
2023-03-20 09:15:16,832 [INFO] IPUIPlugin:74 - create IPUIPlugin
2023-03-20 09:15:16,832 [INFO] IPUIPlugin:74 - create IPUIPlugin
2023-03-20 09:15:16,832 [INFO] IPUIPlugin:74 - create IPUIPlugin
2023-03-20 09:15:16,832 [INFO] IPUIPlugin:74 - create IPUIPlugin
2023-03-20 09:15:16,832 [INFO] IPUIPlugin:74 - create IPUIPlugin
2023-03-20 09:15:16,832 [INFO] IPUIPlugin:74 - create IPUIPlugin
2023-03-20 09:15:16,832 [INFO] IPUIPlugin:74 - create IPUIPlugin
2023-03-20 09:15:16,832 [INFO] IPUIPlugin:74 - create IPUIPlugin
2023-03-20 09:15:16,832 [INFO] IPUIPlugin:74 - create IPUIPlugin
2023-03-20 09:15:16,837 [INFO] IPUIPlugin:74 - create IPUIPlugin
2023-03-20 09:15:16,837 [INFO] IPUIPlugin:74 - create IPUIPlugin
2023-03-20 09:15:16,837 [INFO] IPUIPlugin:74 - create IPUIPlugin
2023-03-20 09:15:16,837 [INFO] IPUIPlugin:74 - create IPUIPlugin
2023-03-20 09:15:16,837 [INFO] IPUIPlugin:74 - create IPUIPlugin
2023-03-20 09:15:16,837 [INFO] IPUIPlugin:74 - create IPUIPlugin
2023-03-20 09:15:16,837 [INFO] IPUIPlugin:74 - create IPUIPlugin
2023-03-20 09:15:16,837 [INFO] IPUIPlugin:74 - create IPUIPlugin
2023-03-20 09:15:16,840 [INFO] IPUIPlugin:74 - create IPUIPlugin
2023-03-20 09:15:16,840 [INFO] IPUIPlugin:74 - create IPUIPlugin
2023-03-20 09:15:16,840 [INFO] IPUIPlugin:74 - create IPUIPlugin
2023-03-20 09:15:16,840 [INFO] IPUIPlugin:74 - create IPUIPlugin
2023-03-20 09:15:16,840 [INFO] IPUIPlugin:74 - create IPUIPlugin
2023-03-20 09:15:16,857 [INFO] OpenFileManager:333 - Restore cursor
2023-03-20 09:15:49,922 [INFO] NvicIntPanel:96 - NVIC parent = com.st.microxplorer.plugins.ip.nvic.MultiNvicIntPanel[,0,0,450x190,layout=javax.swing.BoxLayout,alignmentX=0.0,alignmentY=0.0,border=,flags=9,maximumSize=,minimumSize=,preferredSize=]
2023-03-20 09:19:58,958 [INFO] NvicIntPanel:96 - NVIC parent = com.st.microxplorer.plugins.ip.nvic.MultiNvicIntPanel[,0,0,450x190,layout=javax.swing.BoxLayout,alignmentX=0.0,alignmentY=0.0,border=,flags=9,maximumSize=,minimumSize=,preferredSize=]
